<html>
<head>
<title>TestNG:  TDF Application Test Cases</title>
<link href="../testng.css" rel="stylesheet" type="text/css" />
<link href="../my-testng.css" rel="stylesheet" type="text/css" />

<style type="text/css">
.log { display: none;} 
.stack-trace { display: none;} 
</style>
<script type="text/javascript">
<!--
function flip(e) {
  current = e.style.display;
  if (current == 'block') {
    e.style.display = 'none';
    return 0;
  }
  else {
    e.style.display = 'block';
    return 1;
  }
}

function toggleBox(szDivId, elem, msg1, msg2)
{
  var res = -1;  if (document.getElementById) {
    res = flip(document.getElementById(szDivId));
  }
  else if (document.all) {
    // this is the way old msie versions work
    res = flip(document.all[szDivId]);
  }
  if(elem) {
    if(res == 0) elem.innerHTML = msg1; else elem.innerHTML = msg2;
  }

}

function toggleAllBoxes() {
  if (document.getElementsByTagName) {
    d = document.getElementsByTagName('div');
    for (i = 0; i < d.length; i++) {
      if (d[i].className == 'log') {
        flip(d[i]);
      }
    }
  }
}

// -->
</script>

</head>
<body>
<h2 align='center'>TDF Application Test Cases</h2><table border='1' align="center">
<tr>
<td>Tests passed/Failed/Skipped:</td><td>7/1/0</td>
</tr><tr>
<td>Started on:</td><td>Tue Aug 06 22:12:34 IST 2024</td>
</tr>
<tr><td>Total time:</td><td>52 seconds (52651 ms)</td>
</tr><tr>
<td>Included groups:</td><td></td>
</tr><tr>
<td>Excluded groups:</td><td></td>
</tr>
</table><p/>
<small><i>(Hover the method name to see the test class name)</i></small><p/>
<table width='100%' border='1' class='invocation-failed'>
<tr><td colspan='4' align='center'><b>FAILED TESTS</b></td></tr>
<tr><td><b>Test method</b></td>
<td><b>Attribute(s)</b></td>
<td width="30%"><b>Exception</b></td>
<td width="10%"><b>Time (seconds)</b></td>
<td><b>Instance</b></td>
</tr>
<tr>
<td title='com.engqa.TDF.TestCases.TDF_MS_SQL_ConfugrationPage_Test.FillMssqlData()'><b>FillMssqlData</b><br>Test class: com.engqa.TDF.TestCases.TDF_MS_SQL_ConfugrationPage_Test</td>
<td><div><pre>org.openqa.selenium.ElementClickInterceptedException: element click intercepted: Element &lt;button _ngcontent-mmg-c51=&quot;&quot; type=&quot;button&quot; class=&quot;btn btn-primary btn-sm btn-round&quot;&gt;...&lt;/button&gt; is not clickable at point (149, 186). Other element would receive the click: &lt;ngb-modal-window role=&quot;dialog&quot; tabindex=&quot;-1&quot; aria-modal=&quot;true&quot; class=&quot;d-block modal myCustomModalClass fade&quot;&gt;...&lt;/ngb-modal-window&gt;
  (Session info: chrome=127.0.6533.89)
Build info: version: &apos;4.23.0&apos;, revision: &apos;4df0a231af&apos;
System info: os.name: &apos;Windows 10&apos;, os.arch: &apos;amd64&apos;, os.version: &apos;10.0&apos;, java.version: &apos;16.0.1&apos;
Driver info: org.openqa.selenium.chrome.ChromeDriver
Command: [85514d11cfa37ea9c6241bfa08ab2259, clickElement {id=f.B56D774DF147BFDDD8C8E43366962E31.d.BD215651F86406FBA0DDB732095CCFEA.e.20}]
Capabilities {acceptInsecureCerts: true, browserName: chrome, browserVersion: 127.0.6533.89, chrome: {chromedriverVersion: 127.0.6533.88 (a2d0cb026721..., userDataDir: C:\Users\Dell\AppData\Local...}, fedcm:accounts: true, goog:chromeOptions: {debuggerAddress: localhost:64874}, networkConnectionEnabled: false, pageLoadStrategy: normal, platformName: windows, proxy: Proxy(), se:cdp: ws://localhost:64874/devtoo..., se:cdpVersion: 127.0.6533.89, setWindowRect: true, strictFileInteractability: false, timeouts: {implicit: 0, pageLoad: 300000, script: 30000}, unhandledPromptBehavior: dismiss and notify, webauthn:extension:credBlob: true, webauthn:extension:largeBlob: true, webauthn:extension:minPinLength: true, webauthn:extension:prf: true, webauthn:virtualAuthenticators: true}
Element: [[ChromeDriver: chrome on windows (85514d11cfa37ea9c6241bfa08ab2259)] -&gt; xpath: //button[contains(text(),&apos;MS SQL&apos;)]]
Session ID: 85514d11cfa37ea9c6241bfa08ab2259
	at org.openqa.selenium.remote.ErrorCodec.decode(ErrorCodec.java:167)
	at org.openqa.selenium.remote.codec.w3c.W3CHttpResponseCodec.decode(W3CHttpResponseCodec.java:138)
	at org.openqa.selenium.remote.codec.w3c.W3CHttpResponseCodec.decode(W3CHttpResponseCodec.java:50)
	at org.openqa.selenium.remote.HttpCommandExecutor.execute(HttpCommandExecutor.java:190)
	at org.openqa.selenium.remote.service.DriverCommandExecutor.invokeExecute(DriverCommandExecutor.java:216)
	at org.openqa.selenium.remote.service.DriverCommandExecutor.execute(DriverCommandExecutor.java:174)
	at org.openqa.selenium.remote.RemoteWebDriver.execute(RemoteWebDriver.java:527)
	at org.openqa.selenium.remote.RemoteWebElement.execute(RemoteWebElement.java:223)
	at org.openqa.selenium.remote.RemoteWebElement.click(RemoteWebElement.java:76)
	at com.engqa.TDF.pages.TDF_MSsqlPage.TDF_MSSQL_Configurationpage(TDF_MSsqlPage.java:92)
	at com.engqa.TDF.TestCases.TDF_MS_SQL_ConfugrationPage_Test.FillMssqlData(TDF_MS_SQL_ConfugrationPage_Test.java:68)
	at java.base/java.util.ArrayList.forEach(ArrayList.java:1511)
... Removed 32 stack frames</pre></div><a href='#' onClick='toggleBox("stack-trace1935994577", this, "Click to show all stack frames", "Click to hide stack frames")'>Click to show all stack frames</a>
<div class='stack-trace' id='stack-trace1935994577'><pre>org.openqa.selenium.ElementClickInterceptedException: element click intercepted: Element &lt;button _ngcontent-mmg-c51=&quot;&quot; type=&quot;button&quot; class=&quot;btn btn-primary btn-sm btn-round&quot;&gt;...&lt;/button&gt; is not clickable at point (149, 186). Other element would receive the click: &lt;ngb-modal-window role=&quot;dialog&quot; tabindex=&quot;-1&quot; aria-modal=&quot;true&quot; class=&quot;d-block modal myCustomModalClass fade&quot;&gt;...&lt;/ngb-modal-window&gt;
  (Session info: chrome=127.0.6533.89)
Build info: version: &apos;4.23.0&apos;, revision: &apos;4df0a231af&apos;
System info: os.name: &apos;Windows 10&apos;, os.arch: &apos;amd64&apos;, os.version: &apos;10.0&apos;, java.version: &apos;16.0.1&apos;
Driver info: org.openqa.selenium.chrome.ChromeDriver
Command: [85514d11cfa37ea9c6241bfa08ab2259, clickElement {id=f.B56D774DF147BFDDD8C8E43366962E31.d.BD215651F86406FBA0DDB732095CCFEA.e.20}]
Capabilities {acceptInsecureCerts: true, browserName: chrome, browserVersion: 127.0.6533.89, chrome: {chromedriverVersion: 127.0.6533.88 (a2d0cb026721..., userDataDir: C:\Users\Dell\AppData\Local...}, fedcm:accounts: true, goog:chromeOptions: {debuggerAddress: localhost:64874}, networkConnectionEnabled: false, pageLoadStrategy: normal, platformName: windows, proxy: Proxy(), se:cdp: ws://localhost:64874/devtoo..., se:cdpVersion: 127.0.6533.89, setWindowRect: true, strictFileInteractability: false, timeouts: {implicit: 0, pageLoad: 300000, script: 30000}, unhandledPromptBehavior: dismiss and notify, webauthn:extension:credBlob: true, webauthn:extension:largeBlob: true, webauthn:extension:minPinLength: true, webauthn:extension:prf: true, webauthn:virtualAuthenticators: true}
Element: [[ChromeDriver: chrome on windows (85514d11cfa37ea9c6241bfa08ab2259)] -&gt; xpath: //button[contains(text(),&apos;MS SQL&apos;)]]
Session ID: 85514d11cfa37ea9c6241bfa08ab2259
	at java.base/jdk.internal.reflect.NativeConstructorAccessorImpl.newInstance0(Native Method)
	at java.base/jdk.internal.reflect.NativeConstructorAccessorImpl.newInstance(NativeConstructorAccessorImpl.java:78)
	at java.base/jdk.internal.reflect.DelegatingConstructorAccessorImpl.newInstance(DelegatingConstructorAccessorImpl.java:45)
	at java.base/java.lang.reflect.Constructor.newInstanceWithCaller(Constructor.java:499)
	at java.base/java.lang.reflect.Constructor.newInstance(Constructor.java:480)
	at org.openqa.selenium.remote.ErrorCodec.decode(ErrorCodec.java:167)
	at org.openqa.selenium.remote.codec.w3c.W3CHttpResponseCodec.decode(W3CHttpResponseCodec.java:138)
	at org.openqa.selenium.remote.codec.w3c.W3CHttpResponseCodec.decode(W3CHttpResponseCodec.java:50)
	at org.openqa.selenium.remote.HttpCommandExecutor.execute(HttpCommandExecutor.java:190)
	at org.openqa.selenium.remote.service.DriverCommandExecutor.invokeExecute(DriverCommandExecutor.java:216)
	at org.openqa.selenium.remote.service.DriverCommandExecutor.execute(DriverCommandExecutor.java:174)
	at org.openqa.selenium.remote.RemoteWebDriver.execute(RemoteWebDriver.java:527)
	at org.openqa.selenium.remote.RemoteWebElement.execute(RemoteWebElement.java:223)
	at org.openqa.selenium.remote.RemoteWebElement.click(RemoteWebElement.java:76)
	at com.engqa.TDF.pages.TDF_MSsqlPage.TDF_MSSQL_Configurationpage(TDF_MSsqlPage.java:92)
	at com.engqa.TDF.TestCases.TDF_MS_SQL_ConfugrationPage_Test.FillMssqlData(TDF_MS_SQL_ConfugrationPage_Test.java:68)
	at java.base/jdk.internal.reflect.NativeMethodAccessorImpl.invoke0(Native Method)
	at java.base/jdk.internal.reflect.NativeMethodAccessorImpl.invoke(NativeMethodAccessorImpl.java:78)
	at java.base/jdk.internal.reflect.DelegatingMethodAccessorImpl.invoke(DelegatingMethodAccessorImpl.java:43)
	at java.base/java.lang.reflect.Method.invoke(Method.java:567)
	at org.testng.internal.invokers.MethodInvocationHelper.invokeMethod(MethodInvocationHelper.java:141)
	at org.testng.internal.invokers.TestInvoker.invokeMethod(TestInvoker.java:686)
	at org.testng.internal.invokers.TestInvoker.invokeTestMethod(TestInvoker.java:230)
	at org.testng.internal.invokers.MethodRunner.runInSequence(MethodRunner.java:63)
	at org.testng.internal.invokers.TestInvoker$MethodInvocationAgent.invoke(TestInvoker.java:992)
	at org.testng.internal.invokers.TestInvoker.invokeTestMethods(TestInvoker.java:203)
	at org.testng.internal.invokers.TestMethodWorker.invokeTestMethods(TestMethodWorker.java:154)
	at org.testng.internal.invokers.TestMethodWorker.run(TestMethodWorker.java:134)
	at java.base/java.util.ArrayList.forEach(ArrayList.java:1511)
	at org.testng.TestRunner.privateRun(TestRunner.java:739)
	at org.testng.TestRunner.run(TestRunner.java:614)
	at org.testng.SuiteRunner.runTest(SuiteRunner.java:421)
	at org.testng.SuiteRunner.runSequentially(SuiteRunner.java:413)
	at org.testng.SuiteRunner.privateRun(SuiteRunner.java:373)
	at org.testng.SuiteRunner.run(SuiteRunner.java:312)
	at org.testng.SuiteRunnerWorker.runSuite(SuiteRunnerWorker.java:52)
	at org.testng.SuiteRunnerWorker.run(SuiteRunnerWorker.java:95)
	at org.testng.TestNG.runSuitesSequentially(TestNG.java:1274)
	at org.testng.TestNG.runSuitesLocally(TestNG.java:1208)
	at org.testng.TestNG.runSuites(TestNG.java:1112)
	at org.testng.TestNG.run(TestNG.java:1079)
	at org.testng.remote.AbstractRemoteTestNG.run(AbstractRemoteTestNG.java:115)
	at org.testng.remote.RemoteTestNG.initAndRun(RemoteTestNG.java:293)
	at org.testng.remote.RemoteTestNG.main(RemoteTestNG.java:91)
</pre></div></td>
<td>7</td>
<td>com.engqa.TDF.TestCases.TDF_MS_SQL_ConfugrationPage_Test@2ab4bc72</td></tr>
</table><p>
<table width='100%' border='1' class='invocation-passed'>
<tr><td colspan='4' align='center'><b>PASSED TESTS</b></td></tr>
<tr><td><b>Test method</b></td>
<td><b>Attribute(s)</b></td>
<td width="30%"><b>Exception</b></td>
<td width="10%"><b>Time (seconds)</b></td>
<td><b>Instance</b></td>
</tr>
<tr>
<td title='com.engqa.TDF.TestCases.TDFDatasourceConfigurationPageTest.VerifyTitle()'><b>VerifyTitle</b><br>Test class: com.engqa.TDF.TestCases.TDFDatasourceConfigurationPageTest</td>
<td></td>
<td>0</td>
<td>com.engqa.TDF.TestCases.TDFDatasourceConfigurationPageTest@59402b8f</td></tr>
<tr>
<td title='com.engqa.TDF.TestCases.TDFDatasourceConfigurationPageTest.NavigatetoRestAPiPage()'><b>NavigatetoRestAPiPage</b><br>Test class: com.engqa.TDF.TestCases.TDFDatasourceConfigurationPageTest</td>
<td></td>
<td>0</td>
<td>com.engqa.TDF.TestCases.TDFDatasourceConfigurationPageTest@59402b8f</td></tr>
<tr>
<td title='com.engqa.TDF.TestCases.TDF_MS_SQL_ConfugrationPage_Test.VerifytitleMSSQL()'><b>VerifytitleMSSQL</b><br>Test class: com.engqa.TDF.TestCases.TDF_MS_SQL_ConfugrationPage_Test</td>
<td></td>
<td>0</td>
<td>com.engqa.TDF.TestCases.TDF_MS_SQL_ConfugrationPage_Test@2ab4bc72</td></tr>
<tr>
<td title='com.engqa.TDF.TestCases.TDFDatasourceConfigurationPageTest.VerifyLogo()'><b>VerifyLogo</b><br>Test class: com.engqa.TDF.TestCases.TDFDatasourceConfigurationPageTest</td>
<td></td>
<td>0</td>
<td>com.engqa.TDF.TestCases.TDFDatasourceConfigurationPageTest@59402b8f</td></tr>
<tr>
<td title='com.engqa.TDF.TestCases.TDFRestApiConfugrationPageTest.VerifytitleResetapi()'><b>VerifytitleResetapi</b><br>Test class: com.engqa.TDF.TestCases.TDFRestApiConfugrationPageTest</td>
<td></td>
<td>0</td>
<td>com.engqa.TDF.TestCases.TDFRestApiConfugrationPageTest@3de8f619</td></tr>
<tr>
<td title='com.engqa.TDF.TestCases.TDFDatasourceConfigurationPageTest.VerifyTypesofdatasource()'><b>VerifyTypesofdatasource</b><br>Test class: com.engqa.TDF.TestCases.TDFDatasourceConfigurationPageTest</td>
<td></td>
<td>0</td>
<td>com.engqa.TDF.TestCases.TDFDatasourceConfigurationPageTest@59402b8f</td></tr>
<tr>
<td title='com.engqa.TDF.TestCases.TDFRestApiConfugrationPageTest.EnterRestAPidata()'><b>EnterRestAPidata</b><br>Test class: com.engqa.TDF.TestCases.TDFRestApiConfugrationPageTest</td>
<td></td>
<td>3</td>
<td>com.engqa.TDF.TestCases.TDFRestApiConfugrationPageTest@3de8f619</td></tr>
</table><p>
</body>
</html>