<?xml version="1.0" encoding="UTF-8"?>
<!-- Generated by org.testng.reporters.JUnitXMLReporter -->
<testsuite ignored="0" hostname="TTF-MLR-TRISHUL-SHETTY" failures="1" tests="8" name="TDF Application Test Cases" time="52.651" errors="0" timestamp="2024-08-06T22:13:27 IST">
  <testcase classname="com.engqa.TDF.TestCases.TDFDatasourceConfigurationPageTest" name="VerifyTitle" time="0.049"/>
  <testcase classname="com.engqa.TDF.TestCases.TDFDatasourceConfigurationPageTest" name="VerifyTypesofdatasource" time="0.266"/>
  <testcase classname="com.engqa.TDF.TestCases.TDFDatasourceConfigurationPageTest" name="VerifyLogo" time="0.086"/>
  <testcase classname="com.engqa.TDF.TestCases.TDFDatasourceConfigurationPageTest" name="NavigatetoRestAPiPage" time="0.16"/>
  <testcase classname="com.engqa.TDF.TestCases.TDFRestApiConfugrationPageTest" name="VerifytitleResetapi" time="0.036"/>
  <testcase classname="com.engqa.TDF.TestCases.TDFRestApiConfugrationPageTest" name="EnterRestAPidata" time="3.27"/>
  <testcase classname="com.engqa.TDF.TestCases.TDF_MS_SQL_ConfugrationPage_Test" name="VerifytitleMSSQL" time="0.208"/>
  <testcase classname="com.engqa.TDF.TestCases.TDF_MS_SQL_ConfugrationPage_Test" name="FillMssqlData" time="7.604">
    <failure type="org.openqa.selenium.ElementClickInterceptedException" message="element click intercepted: Element &amp;lt;button _ngcontent-mmg-c51=&amp;quot;&amp;quot; type=&amp;quot;button&amp;quot; class=&amp;quot;btn btn-primary btn-sm btn-round&amp;quot;&amp;gt;...&amp;lt;/button&amp;gt; is not clickable at point (149, 186). Other element would receive the click: &amp;lt;ngb-modal-window role=&amp;quot;dialog&amp;quot; tabindex=&amp;quot;-1&amp;quot; aria-modal=&amp;quot;true&amp;quot; class=&amp;quot;d-block modal myCustomModalClass fade&amp;quot;&amp;gt;...&amp;lt;/ngb-modal-window&amp;gt;
  (Session info: chrome=127.0.6533.89)
Build info: version: &amp;apos;4.23.0&amp;apos;, revision: &amp;apos;4df0a231af&amp;apos;
System info: os.name: &amp;apos;Windows 10&amp;apos;, os.arch: &amp;apos;amd64&amp;apos;, os.version: &amp;apos;10.0&amp;apos;, java.version: &amp;apos;16.0.1&amp;apos;
Driver info: org.openqa.selenium.chrome.ChromeDriver
Command: [85514d11cfa37ea9c6241bfa08ab2259, clickElement {id=f.B56D774DF147BFDDD8C8E43366962E31.d.BD215651F86406FBA0DDB732095CCFEA.e.20}]
Capabilities {acceptInsecureCerts: true, browserName: chrome, browserVersion: 127.0.6533.89, chrome: {chromedriverVersion: 127.0.6533.88 (a2d0cb026721..., userDataDir: C:\Users\Dell\AppData\Local...}, fedcm:accounts: true, goog:chromeOptions: {debuggerAddress: localhost:64874}, networkConnectionEnabled: false, pageLoadStrategy: normal, platformName: windows, proxy: Proxy(), se:cdp: ws://localhost:64874/devtoo..., se:cdpVersion: 127.0.6533.89, setWindowRect: true, strictFileInteractability: false, timeouts: {implicit: 0, pageLoad: 300000, script: 30000}, unhandledPromptBehavior: dismiss and notify, webauthn:extension:credBlob: true, webauthn:extension:largeBlob: true, webauthn:extension:minPinLength: true, webauthn:extension:prf: true, webauthn:virtualAuthenticators: true}
Element: [[ChromeDriver: chrome on windows (85514d11cfa37ea9c6241bfa08ab2259)] -&amp;gt; xpath: //button[contains(text(),&amp;apos;MS SQL&amp;apos;)]]
Session ID: 85514d11cfa37ea9c6241bfa08ab2259">
      <![CDATA[org.openqa.selenium.ElementClickInterceptedException: element click intercepted: Element <button _ngcontent-mmg-c51="" type="button" class="btn btn-primary btn-sm btn-round">...</button> is not clickable at point (149, 186). Other element would receive the click: <ngb-modal-window role="dialog" tabindex="-1" aria-modal="true" class="d-block modal myCustomModalClass fade">...</ngb-modal-window>
  (Session info: chrome=127.0.6533.89)
Build info: version: '4.23.0', revision: '4df0a231af'
System info: os.name: 'Windows 10', os.arch: 'amd64', os.version: '10.0', java.version: '16.0.1'
Driver info: org.openqa.selenium.chrome.ChromeDriver
Command: [85514d11cfa37ea9c6241bfa08ab2259, clickElement {id=f.B56D774DF147BFDDD8C8E43366962E31.d.BD215651F86406FBA0DDB732095CCFEA.e.20}]
Capabilities {acceptInsecureCerts: true, browserName: chrome, browserVersion: 127.0.6533.89, chrome: {chromedriverVersion: 127.0.6533.88 (a2d0cb026721..., userDataDir: C:\Users\Dell\AppData\Local...}, fedcm:accounts: true, goog:chromeOptions: {debuggerAddress: localhost:64874}, networkConnectionEnabled: false, pageLoadStrategy: normal, platformName: windows, proxy: Proxy(), se:cdp: ws://localhost:64874/devtoo..., se:cdpVersion: 127.0.6533.89, setWindowRect: true, strictFileInteractability: false, timeouts: {implicit: 0, pageLoad: 300000, script: 30000}, unhandledPromptBehavior: dismiss and notify, webauthn:extension:credBlob: true, webauthn:extension:largeBlob: true, webauthn:extension:minPinLength: true, webauthn:extension:prf: true, webauthn:virtualAuthenticators: true}
Element: [[ChromeDriver: chrome on windows (85514d11cfa37ea9c6241bfa08ab2259)] -> xpath: //button[contains(text(),'MS SQL')]]
Session ID: 85514d11cfa37ea9c6241bfa08ab2259
at org.openqa.selenium.remote.ErrorCodec.decode(ErrorCodec.java:167)
at org.openqa.selenium.remote.codec.w3c.W3CHttpResponseCodec.decode(W3CHttpResponseCodec.java:138)
at org.openqa.selenium.remote.codec.w3c.W3CHttpResponseCodec.decode(W3CHttpResponseCodec.java:50)
at org.openqa.selenium.remote.HttpCommandExecutor.execute(HttpCommandExecutor.java:190)
at org.openqa.selenium.remote.service.DriverCommandExecutor.invokeExecute(DriverCommandExecutor.java:216)
at org.openqa.selenium.remote.service.DriverCommandExecutor.execute(DriverCommandExecutor.java:174)
at org.openqa.selenium.remote.RemoteWebDriver.execute(RemoteWebDriver.java:527)
at org.openqa.selenium.remote.RemoteWebElement.execute(RemoteWebElement.java:223)
at org.openqa.selenium.remote.RemoteWebElement.click(RemoteWebElement.java:76)
at com.engqa.TDF.pages.TDF_MSsqlPage.TDF_MSSQL_Configurationpage(TDF_MSsqlPage.java:92)
at com.engqa.TDF.TestCases.TDF_MS_SQL_ConfugrationPage_Test.FillMssqlData(TDF_MS_SQL_ConfugrationPage_Test.java:68)
at java.base/java.util.ArrayList.forEach(ArrayList.java:1511)
... Removed 32 stack frames]]>
    </failure>
  </testcase> <!-- FillMssqlData -->
</testsuite> <!-- TDF Application Test Cases -->
